# JRE version: OpenJDK Runtime Environment Temurin-21.0.10+7 (21.0.10+7) (build 21.0.10+7-LTS)
# Java VM: OpenJDK 64-Bit Server VM Temurin-21.0.10+7 (21.0.10+7-LTS, mixed mode, sharing, tiered, compressed oops, compressed class ptrs, g1 gc, windows-amd64)
GC Precious Log:
 CardTable entry size: 512
 Card Set container configuration: InlinePtr #cards 5 size 8 Array Of Cards #cards 12 size 40 Howl #buckets 4 coarsen threshold 1843 Howl Bitmap #cards 512 size 80 coarsen threshold 460 Card regions per heap region 1 cards per card region 2048
 CPUs: 4 total, 4 available
 Memory: 8057M
 Large Page Support: Disabled
 NUMA Support: Disabled
 Compressed Oops: Enabled (32-bit)
 Heap Region Size: 1M
 Heap Min Capacity: 8M
 Heap Initial Capacity: 126M
 Heap Max Capacity: 1536M
 Pre-touch: Disabled
 Parallel Workers: 4
 Concurrent Workers: 1
 Concurrent Refinement Workers: 4
 Periodic GC: Disabled
Heap:
 garbage-first heap   total 181248K, used 116507K [0x00000000a0000000, 0x0000000100000000)
  region size 1024K, 12 young (12288K), 8 survivors (8192K)
 Metaspace       used 93407K, committed 95680K, reserved 1179648K
  class space    used 13015K, committed 14144K, reserved 1048576K
GC Heap History (20 events):
Event: 142.164 GC heap before
{Heap before GC invocations=40 (full 0):
 garbage-first heap   total 159744K, used 146924K [0x00000000a0000000, 0x0000000100000000)
  region size 1024K, 63 young (64512K), 4 survivors (4096K)
 Metaspace       used 83172K, committed 85312K, reserved 1179648K
  class space    used 11762K, committed 12800K, reserved 1048576K
}
Event: 142.185 GC heap after
{Heap after GC invocations=41 (full 0):
 garbage-first heap   total 159744K, used 93184K [0x00000000a0000000, 0x0000000100000000)
  region size 1024K, 8 young (8192K), 8 survivors (8192K)
 Metaspace       used 83172K, committed 85312K, reserved 1179648K
  class space    used 11762K, committed 12800K, reserved 1048576K
}
Event: 150.293 GC heap before
{Heap before GC invocations=42 (full 0):
 garbage-first heap   total 159744K, used 148480K [0x00000000a0000000, 0x0000000100000000)
  region size 1024K, 61 young (62464K), 8 survivors (8192K)
 Metaspace       used 84123K, committed 86336K, reserved 1179648K
  class space    used 11949K, committed 12992K, reserved 1048576K
}
Event: 150.319 GC heap after
{Heap after GC invocations=43 (full 0):
 garbage-first heap   total 160768K, used 96605K [0x00000000a0000000, 0x0000000100000000)
  region size 1024K, 6 young (6144K), 6 survivors (6144K)
 Metaspace       used 84123K, committed 86336K, reserved 1179648K
  class space    used 11949K, committed 12992K, reserved 1048576K
}
Event: 159.782 GC heap before
{Heap before GC invocations=43 (full 0):
 garbage-first heap   total 160768K, used 146781K [0x00000000a0000000, 0x0000000100000000)
  region size 1024K, 55 young (56320K), 6 survivors (6144K)
 Metaspace       used 84847K, committed 87040K, reserved 1179648K
  class space    used 12038K, committed 13120K, reserved 1048576K
}
Event: 159.804 GC heap after
{Heap after GC invocations=44 (full 0):
 garbage-first heap   total 160768K, used 98574K [0x00000000a0000000, 0x0000000100000000)
  region size 1024K, 5 young (5120K), 5 survivors (5120K)
 Metaspace       used 84847K, committed 87040K, reserved 1179648K
  class space    used 12038K, committed 13120K, reserved 1048576K
}
Event: 160.713 GC heap before
{Heap before GC invocations=44 (full 0):
 garbage-first heap   total 160768K, used 146702K [0x00000000a0000000, 0x0000000100000000)
  region size 1024K, 52 young (53248K), 5 survivors (5120K)
 Metaspace       used 84884K, committed 87104K, reserved 1179648K
  class space    used 12038K, committed 13120K, reserved 1048576K
}
Event: 160.725 GC heap after
{Heap after GC invocations=45 (full 0):
 garbage-first heap   total 160768K, used 99328K [0x00000000a0000000, 0x0000000100000000)
  region size 1024K, 1 young (1024K), 1 survivors (1024K)
 Metaspace       used 84884K, committed 87104K, reserved 1179648K
  class space    used 12038K, committed 13120K, reserved 1048576K
}
Event: 172.615 GC heap before
{Heap before GC invocations=46 (full 0):
 garbage-first heap   total 163840K, used 147456K [0x00000000a0000000, 0x0000000100000000)
  region size 1024K, 50 young (51200K), 1 survivors (1024K)
 Metaspace       used 92824K, committed 95104K, reserved 1179648K
  class space    used 12968K, committed 14080K, reserved 1048576K
}
Event: 172.633 GC heap after
{Heap after GC invocations=47 (full 0):
 garbage-first heap   total 163840K, used 103983K [0x00000000a0000000, 0x0000000100000000)
  region size 1024K, 7 young (7168K), 7 survivors (7168K)
 Metaspace       used 92824K, committed 95104K, reserved 1179648K
  class space    used 12968K, committed 14080K, reserved 1048576K
}
Event: 197.152 GC heap before
{Heap before GC invocations=47 (full 0):
 garbage-first heap   total 163840K, used 152111K [0x00000000a0000000, 0x0000000100000000)
  region size 1024K, 54 young (55296K), 7 survivors (7168K)
 Metaspace       used 93413K, committed 95680K, reserved 1179648K
  class space    used 13020K, committed 14144K, reserved 1048576K
}
Event: 197.171 GC heap after
{Heap after GC invocations=48 (full 0):
 garbage-first heap   total 165888K, used 106842K [0x00000000a0000000, 0x0000000100000000)
  region size 1024K, 4 young (4096K), 4 survivors (4096K)
 Metaspace       used 93413K, committed 95680K, reserved 1179648K
  class space    used 13020K, committed 14144K, reserved 1048576K
}
Event: 198.234 GC heap before
{Heap before GC invocations=48 (full 0):
 garbage-first heap   total 165888K, used 151898K [0x00000000a0000000, 0x0000000100000000)
  region size 1024K, 49 young (50176K), 4 survivors (4096K)
 Metaspace       used 93416K, committed 95680K, reserved 1179648K
  class space    used 13020K, committed 14144K, reserved 1048576K
}
Event: 198.242 GC heap after
{Heap after GC invocations=49 (full 0):
 garbage-first heap   total 165888K, used 107785K [0x00000000a0000000, 0x0000000100000000)
  region size 1024K, 5 young (5120K), 5 survivors (5120K)
 Metaspace       used 93416K, committed 95680K, reserved 1179648K
  class space    used 13020K, committed 14144K, reserved 1048576K
}
Event: 200.013 GC heap before
{Heap before GC invocations=50 (full 0):
 garbage-first heap   total 181248K, used 153865K [0x00000000a0000000, 0x0000000100000000)
  region size 1024K, 51 young (52224K), 5 survivors (5120K)
 Metaspace       used 93405K, committed 95680K, reserved 1179648K
  class space    used 13015K, committed 14144K, reserved 1048576K
}
Event: 200.024 GC heap after
{Heap after GC invocations=51 (full 0):
 garbage-first heap   total 181248K, used 109369K [0x00000000a0000000, 0x0000000100000000)
  region size 1024K, 4 young (4096K), 4 survivors (4096K)
 Metaspace       used 93405K, committed 95680K, reserved 1179648K
  class space    used 13015K, committed 14144K, reserved 1048576K
}
Event: 202.109 GC heap before
{Heap before GC invocations=51 (full 0):
 garbage-first heap   total 181248K, used 167737K [0x00000000a0000000, 0x0000000100000000)
  region size 1024K, 62 young (63488K), 4 survivors (4096K)
 Metaspace       used 93405K, committed 95680K, reserved 1179648K
  class space    used 13015K, committed 14144K, reserved 1048576K
}
Event: 202.125 GC heap after
{Heap after GC invocations=52 (full 0):
 garbage-first heap   total 181248K, used 109450K [0x00000000a0000000, 0x0000000100000000)
  region size 1024K, 5 young (5120K), 5 survivors (5120K)
 Metaspace       used 93405K, committed 95680K, reserved 1179648K
  class space    used 13015K, committed 14144K, reserved 1048576K
}
Event: 203.679 GC heap before
{Heap before GC invocations=52 (full 0):
 garbage-first heap   total 181248K, used 169866K [0x00000000a0000000, 0x0000000100000000)
  region size 1024K, 64 young (65536K), 5 survivors (5120K)
 Metaspace       used 93407K, committed 95680K, reserved 1179648K
  class space    used 13015K, committed 14144K, reserved 1048576K
}
Event: 203.698 GC heap after
{Heap after GC invocations=53 (full 0):
 garbage-first heap   total 181248K, used 113435K [0x00000000a0000000, 0x0000000100000000)
  region size 1024K, 8 young (8192K), 8 survivors (8192K)
 Metaspace       used 93407K, committed 95680K, reserved 1179648K
  class space    used 13015K, committed 14144K, reserved 1048576K
}

